<?xml version="1.0" encoding="UTF-8"?>
<!-- Generated by org.testng.reporters.JUnitXMLReporter -->
<testsuite ignored="0" hostname="LAPTOP-A5IMFISJ" failures="0" tests="15" name="Default test" time="152.179" errors="0" timestamp="2024-03-07T17:18:19 IST">
  <testcase classname="RegistrationTest" name="testSignUpWithValidCredentials" time="21.488"/>
  <testcase classname="RegistrationTest" name="testSignUpWithExistingUsername" time="10.441"/>
  <testcase classname="RegistrationTest" name="testSignUpWithExistingEmailId" time="10.327"/>
  <testcase classname="RegistrationTest" name="testSignUpWithMinimumPasswordLength" time="10.208"/>
  <testcase classname="RegistrationTest" name="testSignUpWithMismatchInPassword" time="10.171"/>
  <testcase classname="ForgotPasswordTest" name="testForgotPasswordIsDisplayed" time="7.725"/>
  <testcase classname="ForgotPasswordTest" name="testForgotPasswordWithoutEmailID" time="8.429"/>
  <testcase classname="ForgotPasswordTest" name="testForgotPasswordWithInvalidEmailID" time="8.805"/>
  <testcase classname="ForgotPasswordTest" name="testForgotPasswordWithValidEmailID" time="8.782"/>
  <testcase classname="ForgotPasswordTest" name="testForgotPasswordWithooutOtp" time="8.389"/>
  <testcase classname="LoginTest" name="testLoginWithValidCredentials" time="19.852"/>
  <testcase classname="LoginTest" name="testLoginWithInValidCredentials" time="3.999"/>
  <testcase classname="LoginTest" name="testLoginWithInValidUsernameAndValidPassword" time="4.993"/>
  <testcase classname="LoginTest" name="testLoginWithValidUsernameAndInvalidPassword" time="4.558"/>
  <testcase classname="LoginTest" name="testLoginWithEmptyCredentials" time="6.52"/>
</testsuite> <!-- Default test -->
